<?xml version="1.0" encoding="UTF-8"?>
<testsuite name="com.sofkau.runners.CompraTest" tests="0" skipped="0" failures="0" errors="0" timestamp="1970-01-01T00:00:00" hostname="DESKTOP-28KFMUL" time="0.0">
  <properties/>
  <system-out><![CDATA[
?[31mFailed scenarios:?[0m
?[31mfile:///D:/SOFKA/RETO/RetoScreenPlayWeb/RetoScreenPlayWeb/src/test/resources/features/comprarProducto.feature:7?[0m# Buying a low-priced product on the Exito website

1 Scenarios (?[31m1 failed?[0m)
5 Steps (?[31m1 failed?[0m, ?[32m4 passed?[0m)
2m3,193s


java.lang.AssertionError: 
Expected: "Con el Pago contra entrega podrÃ¡s pagar en efectivo, con tarjeta dÃ©bito o crÃ©dito al momento de la recepciÃ³n de tu pedido. El titular de la tarjeta debe estar presente al momento del pago."
     but: was "Con el Pago contra entrega podrás pagar en efectivo, con tarjeta débito o crédito al momento de la recepción de tu pedido. El titular de la tarjeta debe estar presente al momento del pago."
	at net.serenitybdd.screenplay.ErrorTally.throwSummaryExceptionFrom(ErrorTally.java:36)
	at net.serenitybdd.screenplay.ErrorTally.reportAnyErrors(ErrorTally.java:30)
	at net.serenitybdd.screenplay.Actor.should(Actor.java:316)
	at com.sofkau.stepdefinitions.ComprarProductoStepDefinition.iShouldSeeAConfirmationMessageIndicatingASuccessfulPurchase(ComprarProductoStepDefinition.java:118)
	at ?.I should see a confirmation message indicating a successful purchase.(file:///D:/SOFKA/RETO/RetoScreenPlayWeb/RetoScreenPlayWeb/src/test/resources/features/comprarProducto.feature:12)


]]></system-out>
  <system-err><![CDATA[SLF4J: No SLF4J providers were found.
SLF4J: Defaulting to no-operation (NOP) logger implementation
SLF4J: See https://www.slf4j.org/codes.html#noProviders for further details.
SLF4J: Class path contains SLF4J bindings targeting slf4j-api versions 1.7.x or earlier.
SLF4J: Ignoring binding found at [jar:file:/C:/Users/ryzer/.gradle/caches/modules-2/files-2.1/org.slf4j/slf4j-nop/1.7.28/e427e2f69d0a8508994e0a754a44d5212fa38b56/slf4j-nop-1.7.28.jar!/org/slf4j/impl/StaticLoggerBinder.class]
SLF4J: See https://www.slf4j.org/codes.html#ignoredBindings for an explanation.
]]></system-err>
</testsuite>
